<?xml version="1.0" encoding="UTF-8"?>
<testng-results skipped="0" failed="0" ignored="0" total="1" passed="1">
  <reporter-output>
    <line>
      <![CDATA[welcome]]>
    </line>
  </reporter-output>
  <suite name="Default suite" duration-ms="52" started-at="2022-11-08T17:05:59 IST" finished-at="2022-11-08T17:05:59 IST">
    <groups>
    </groups>
    <test name="Default test" duration-ms="52" started-at="2022-11-08T17:05:59 IST" finished-at="2022-11-08T17:05:59 IST">
      <class name="Qsp.demotestng">
        <test-method status="PASS" signature="testdemo()[pri:0, instance:Qsp.demotestng@4b553d26]" name="testdemo" duration-ms="8" started-at="2022-11-08T17:05:59 IST" finished-at="2022-11-08T17:05:59 IST">
          <reporter-output>
            <line>
              <![CDATA[welcome]]>
            </line>
          </reporter-output>
        </test-method> <!-- testdemo -->
      </class> <!-- Qsp.demotestng -->
    </test> <!-- Default test -->
  </suite> <!-- Default suite -->
</testng-results>
